/*C8*/SET SCHEMA PUBLIC
DISCONNECT
/*C5*/SET SCHEMA PUBLIC
DISCONNECT
/*C6*/SET SCHEMA PUBLIC
DELETE FROM "SPM_ANS_CMT" WHERE "SPM_ID"=1
INSERT INTO "SPM_ANS_CMT" VALUES(1,0,'comment121111113333','comment1','comment2','comment3','comment5','comment6','comment4.1','comment4.2','','')
COMMIT
DELETE FROM "SPM" WHERE "SPM_ID"=1
INSERT INTO "SPM" VALUES(1,1,'SUPPLIER A',1,'PCE',1,'ADMIN','ADMIN','N','Yes',0,NULL,NULL,1,1)
COMMIT
DELETE FROM "SPM" WHERE "SPM_ID"=1
INSERT INTO "SPM" VALUES(1,1,'SUPPLIER A',1,'PCE',1,'ADMIN','ADMIN','N','Yes',0,NULL,NULL,1,0)
COMMIT
DELETE FROM "SPM" WHERE "SPM_ID"=1
INSERT INTO "SPM" VALUES(1,1,'SUPPLIER A',1,'PCE',1,'ADMIN','ADMIN','N','No',0,NULL,NULL,1,0)
COMMIT
DELETE FROM "SPM" WHERE "SPM_ID"=1
INSERT INTO "SPM" VALUES(1,1,'SUPPLIER A',1,'PCE',1,'ADMIN','ADMIN','N','Yes',0,NULL,NULL,1,0)
COMMIT
DELETE FROM "SPM_ANS_CMT" WHERE "SPM_ID"=1
INSERT INTO "SPM_ANS_CMT" VALUES(1,0,'comme','comment1','comment2','comment3','comment5','comment6','comment4.1','comment4.2','','')
COMMIT
DELETE FROM "SPM" WHERE "SPM_ID"=1
INSERT INTO "SPM" VALUES(1,1,'SUPPLIER A',1,'PCE',1,'ADMIN','ADMIN','N','Yes',0,NULL,NULL,1,1)
COMMIT
DELETE FROM "SPM" WHERE "SPM_ID"=7
INSERT INTO "SPM" VALUES(7,1,'SUPPLIER A',1,'PCE',2,'SPM','SPM','N','Yes',0,NULL,NULL,1,0)
COMMIT
DELETE FROM "SPM_ANS_CMT" WHERE "SPM_ID"=7
INSERT INTO "SPM_ANS_CMT" VALUES(7,0,'111sfsafd','','','','','','','','','')
COMMIT
DELETE FROM "SPM" WHERE "SPM_ID"=7
INSERT INTO "SPM" VALUES(7,1,'SUPPLIER A',1,'PCE',2,'SPM','SPM','N','Yes',0,NULL,NULL,1,1)
COMMIT
DELETE FROM "SPM" WHERE "SPM_ID"=7
INSERT INTO "SPM" VALUES(7,1,'SUPPLIER A',1,'PCE',2,'SPM','SPM','N','Yes',0,NULL,NULL,1,0)
COMMIT
/*C12*/SET SCHEMA PUBLIC
DISCONNECT
/*C9*/SET SCHEMA PUBLIC
DISCONNECT
